<?xml version="1.0" encoding="UTF-8"?>
<!-- Generated by org.testng.reporters.JUnitReportReporter -->
<testsuite hostname="LAPTOP-5HLIGGH5" name="com.xcelTechCRM.qa.TestCase.TestLogin" tests="2" failures="0" timestamp="1 Dec 2018 19:31:19 GMT" time="34.427" errors="0">
  <testcase name="Titlevalidation" time="9.742" classname="com.xcelTechCRM.qa.TestCase.TestLogin"/>
  <testcase name="TestInsertUserName" time="24.685" classname="com.xcelTechCRM.qa.TestCase.TestLogin"/>
</testsuite> <!-- com.xcelTechCRM.qa.TestCase.TestLogin -->
