<?xml version="1.0" encoding="UTF-8"?>
<!-- Generated by org.testng.reporters.JUnitReportReporter -->
<testsuite hostname="LAPTOP-5HLIGGH5" name="com.xcelTechCRM.qa.TestCase.TestHome" tests="3" failures="0" timestamp="1 Dec 2018 19:31:19 GMT" time="52.665" errors="0">
  <testcase name="clickingContactsspecific" time="16.002" classname="com.xcelTechCRM.qa.TestCase.TestHome"/>
  <testcase name="validateUsersLabel" time="16.594" classname="com.xcelTechCRM.qa.TestCase.TestHome"/>
  <testcase name="ClickingContacts" time="20.069" classname="com.xcelTechCRM.qa.TestCase.TestHome"/>
</testsuite> <!-- com.xcelTechCRM.qa.TestCase.TestHome -->
